{"level":"info","message":"HTTP GET /"}
{"level":"info","message":"HTTP GET /static/css/main.4a6effb2.css"}
{"level":"info","message":"HTTP GET /static/js/main.97b68f8d.js"}
{"level":"info","message":"HTTP GET /static/media/moviefinderlogo.0afa025bd394d7841812.png"}
{"level":"info","message":"HTTP GET /"}
{"level":"info","message":"HTTP GET /static/js/main.97b68f8d.js"}
{"level":"info","message":"HTTP GET /static/css/main.4a6effb2.css"}
{"level":"info","message":"HTTP GET /static/media/moviefinderlogo.0afa025bd394d7841812.png"}
{"level":"info","message":"HTTP GET /favicon.ico"}
{"level":"info","message":"HTTP GET /manifest.json"}
{"level":"info","message":"HTTP GET /logo192.png"}
{"level":"info","message":"HTTP POST /auth/login"}
{"level":"info","message":"HTTP POST /auth/register"}
{"level":"info","message":"HTTP POST /auth/login"}
{"level":"info","message":"HTTP GET /"}
{"level":"info","message":"HTTP GET /static/js/main.97b68f8d.js"}
{"level":"info","message":"HTTP GET /static/css/main.4a6effb2.css"}
{"level":"info","message":"HTTP GET /static/media/moviefinderlogo.0afa025bd394d7841812.png"}
{"level":"info","message":"HTTP GET /favicon.ico"}
{"level":"info","message":"HTTP GET /manifest.json"}
{"level":"info","message":"HTTP GET /logo192.png"}
{"level":"info","message":"HTTP POST /movies/insert"}
{"level":"info","message":"HTTP GET /static/css/main.4a6effb2.css"}
{"level":"info","message":"HTTP GET /manifest.json"}
{"level":"info","message":"HTTP GET /static/js/main.97b68f8d.js.map"}
{"level":"info","message":"HTTP GET /static/css/main.4a6effb2.css.map"}
{"level":"info","message":"HTTP POST /movies/insert"}
{"level":"info","message":"HTTP GET /"}
{"level":"info","message":"HTTP GET /static/js/main.97b68f8d.js"}
{"level":"info","message":"HTTP GET /static/css/main.4a6effb2.css"}
{"level":"info","message":"HTTP GET /static/media/moviefinderlogo.0afa025bd394d7841812.png"}
{"level":"info","message":"HTTP GET /logo192.png"}
{"level":"info","message":"HTTP GET /favicon.ico"}
{"level":"info","message":"HTTP POST /movies/insert"}
{"level":"info","message":"HTTP POST /movies/insert"}
{"level":"info","message":"HTTP GET /static/css/main.4a6effb2.css.map"}
{"level":"info","message":"HTTP GET /static/js/main.97b68f8d.js.map"}
{"level":"info","message":"HTTP POST /movies/insert"}
{"level":"info","message":"HTTP POST /auth/login"}
{"level":"info","message":"HTTP POST /auth/register"}
{"level":"info","message":"HTTP POST /auth/login"}
{"level":"info","message":"HTTP GET /movies/allmovies"}
{"level":"info","message":"HTTP POST /movies/insert"}
{"level":"info","message":"HTTP POST /auth/register"}
{"level":"info","message":"HTTP POST /auth/login"}
{"level":"info","message":"HTTP POST /movies/insert"}
{"level":"info","message":"HTTP GET /"}
{"level":"info","message":"HTTP GET /static/js/main.97b68f8d.js"}
{"level":"info","message":"HTTP GET /static/css/main.4a6effb2.css"}
{"level":"info","message":"HTTP GET /static/media/moviefinderlogo.0afa025bd394d7841812.png"}
{"level":"info","message":"HTTP POST /auth/register"}
{"level":"info","message":"HTTP POST /auth/login"}
{"level":"info","message":"HTTP GET /"}
{"level":"info","message":"HTTP GET /static/js/main.97b68f8d.js"}
{"level":"info","message":"HTTP GET /static/css/main.4a6effb2.css"}
{"level":"info","message":"HTTP GET /static/media/moviefinderlogo.0afa025bd394d7841812.png"}
{"level":"info","message":"HTTP POST /movies/insert"}
{"level":"info","message":"HTTP GET /"}
{"level":"info","message":"HTTP GET /static/css/main.4a6effb2.css"}
{"level":"info","message":"HTTP GET /static/js/main.97b68f8d.js"}
{"level":"info","message":"HTTP GET /static/media/moviefinderlogo.0afa025bd394d7841812.png"}
{"level":"info","message":"HTTP GET /logo192.png"}
{"level":"info","message":"HTTP GET /favicon.ico"}
{"level":"info","message":"HTTP POST /auth/register"}
{"level":"info","message":"HTTP POST /auth/login"}
{"level":"info","message":"HTTP GET /"}
{"level":"info","message":"HTTP GET /static/js/main.97b68f8d.js"}
{"level":"info","message":"HTTP GET /static/css/main.4a6effb2.css"}
{"level":"info","message":"HTTP GET /static/media/moviefinderlogo.0afa025bd394d7841812.png"}
{"level":"info","message":"HTTP POST /movies/insert"}
{"level":"info","message":"HTTP GET /"}
{"level":"info","message":"HTTP GET /static/js/main.590cdf98.js"}
{"level":"info","message":"HTTP GET /static/css/main.4a6effb2.css"}
{"level":"info","message":"HTTP GET /static/media/moviefinderlogo.0afa025bd394d7841812.png"}
{"level":"info","message":"HTTP GET /logo192.png"}
{"level":"info","message":"HTTP GET /favicon.ico"}
{"level":"info","message":"HTTP POST /auth/register"}
{"level":"info","message":"HTTP POST /auth/login"}
{"level":"info","message":"HTTP GET /"}
{"level":"info","message":"HTTP GET /static/js/main.590cdf98.js"}
{"level":"info","message":"HTTP GET /static/css/main.4a6effb2.css"}
{"level":"info","message":"HTTP GET /static/media/moviefinderlogo.0afa025bd394d7841812.png"}
{"level":"info","message":"HTTP POST /movies/insert"}
{"level":"info","message":"HTTP GET /"}
{"level":"info","message":"HTTP GET /static/js/main.590cdf98.js"}
{"level":"info","message":"HTTP GET /static/css/main.4a6effb2.css"}
{"level":"info","message":"HTTP GET /static/media/moviefinderlogo.0afa025bd394d7841812.png"}
{"level":"info","message":"HTTP GET /logo192.png"}
{"level":"info","message":"HTTP GET /favicon.ico"}
{"level":"info","message":"HTTP GET /"}
{"level":"info","message":"HTTP GET /static/js/main.590cdf98.js"}
{"level":"info","message":"HTTP GET /static/css/main.4a6effb2.css"}
{"level":"info","message":"HTTP GET /static/media/moviefinderlogo.0afa025bd394d7841812.png"}
{"level":"info","message":"HTTP GET /logo192.png"}
{"level":"info","message":"HTTP GET /favicon.ico"}
{"level":"info","message":"HTTP POST /auth/login"}
{"level":"info","message":"HTTP GET /"}
{"level":"info","message":"HTTP GET /static/js/main.590cdf98.js"}
{"level":"info","message":"HTTP GET /static/css/main.4a6effb2.css"}
{"level":"info","message":"HTTP GET /static/media/moviefinderlogo.0afa025bd394d7841812.png"}
{"level":"info","message":"HTTP GET /logo192.png"}
{"level":"info","message":"HTTP GET /favicon.ico"}
{"level":"info","message":"HTTP POST /movies/insert"}
{"level":"info","message":"HTTP GET /"}
{"level":"info","message":"HTTP GET /static/js/main.590cdf98.js"}
{"level":"info","message":"HTTP GET /static/css/main.4a6effb2.css"}
{"level":"info","message":"HTTP GET /static/media/moviefinderlogo.0afa025bd394d7841812.png"}
